[DEBUG] [2021-07-26 13:15:20,990 +0300] - Proxy host not provided
[DEBUG] [2021-07-26 13:15:20,999 +0300] - Base url:'https://saas.whitesourcesoftware.com' 
[INFO] [2021-07-26 13:15:21,059 +0300[ - UnifiedAgent version (pluginVersion) : 21.6.3
[INFO] [2021-07-26 13:15:21,098 +0300[ - 
##### general #####
wss.url=https://saas.whitesourcesoftware.com/agent
whiteSourceFolderPath=/Users/vitalbatyr/Projects/empty/.ws/temp
userKey=******
projectTag=
projectName=empty
productName=WS-CLI
offline=true
includes=**/*.c,**/*.cc,**/*.cp,**/*.cpp,**/*.cxx,**/*.c\+\+,**/*.h,**/*.hh,**/*.hpp,**/*.hxx,**/*.h\+\+,**/*.m,**/*.mm,**/*.pch,**/*.c#,**/*.cs,**/*.csharp,**/*.go,**/*.goc,**/*.js,**/*.pl,**/*.plx,**/*.pm,**/*.ph,**/*.cgi,**/*.fcgi,**/*.pod,**/*.psgi,**/*.al,**/*.perl,**/*.t,**/*.pl6,**/*.p6m,**/*.p6l,**/*.pm6,**/*.nqp,**/*.6pl,**/*.6pm,**/*.p6,**/*.php,**/*.py,**/*.rb,**/*.swift,**/*.java,**/*.clj,**/*.cljx,**/*.cljs,**/*.cljc,**/*.jar,**/*.egg,**/*.dll,**/*.tar.gz,**/*.tgz,**/*.zip,**/*.whl,**/*.gem,**/*.apk,**/*.air,**/*.dmg,**/*.exe,**/*.gem,**/*.gzip,**/*.msi,**/*.nupkg,**/*.swc,**/*.swf,**/*.tar.bz2,**/*.pkg.tar.xz,**/*.(u)?deb,**/*.(a)?rpm
fileSystemScan=false
excludes=.ws/**,**/node_modules/**,**/src/test/**,**/testdata/**,**/vendor/**
configFilePath=DEFAULT
apiKey=******
#updateType=OVERRIDE
#updateInventory=true
#updateEmptyProject=true
#showProgressBar=true
#scanReportTimeoutMinutes=10
#scanReportFilenameFormat=project_with_timestamp
#scanPackageManager=false
#scanComment=
#resolveAllDependencies=true
#requireKnownSha1=true
#requesterEmail=
#projectVersion=
#projectToken=
#projectPerFolderIncludes=*
#projectPerFolderExcludes=
#projectPerFolder=false
#productVersion=
#productToken=
#offline.zip=false
#offline.prettyJson=true
#log.level=info
#iaLanguage=
#generateScanReport=false
#generateProjectDetailsJson=false
#forceUpdate.failBuildOnPolicyViolation=false
#forceUpdate=false
#forceCheckAllDependencies=false
#failErrorLevel=DEFAULT
#excludeDependenciesFromNodes=
#euaVul=euaVul.json
#euaRes=euaRes.json
#euaOffline=
#euaDep=euaDep.json
#enableImpactAnalysis=false
#checkPolicies=false
#appPath=
#analyzeMultiModule=
#analyzeFrameworksReference=analyzeFrameworks.txt
#analyzeFrameworks=false

#####  #####
#ignoreEuaNotices=informational

##### ANT #####
#ant.resolveDependencies=true
#ant.pathIdIncludes=
#ant.ivy.resolveDependencies=false
#ant.ivy.ignoredConfigurations=
#ant.external.parameters=

##### archive #####
#archiveIncludes=
#archiveExtractionDepth=0
#archiveExcludes=

##### artifactory #####
#artifactory.userPassword=
#artifactory.userName=
#artifactory.url=
#artifactory.repoKeys=
#artifactory.includes=.*.*
#artifactory.excludes=
#artifactory.enableScan=false
#artifactory.accessToken=

##### bazel #####
#bazel.runPreStep=false
#bazel.resolveDependencies=true

##### bower #####
#bower.runPreStep=false
#bower.resolveDependencies=true
#bower.ignoreSourceFiles=true

##### cabal #####
#haskell.runPreStep=false
#haskell.resolveDependencies=true
#haskell.ignoreSourceFiles=true
#haskell.ignorePreStepErrors=false

##### cargo #####
#cargo.runPreStep=false
#cargo.resolveDependencies=true
#cargo.ignoreSourceFiles=true

##### cocoapods #####
#cocoapods.runPreStep=false
#cocoapods.resolveDependencies=true
#cocoapods.ignoreSourceFiles=true

##### docker #####
#docker.scanTarFiles=false
#docker.scanImages=false
#docker.scanContainers=false
#docker.pull.tags=
#docker.pull.maxImages=10
#docker.pull.images=
#docker.pull.force=false
#docker.pull.enable=false
#docker.pull.digest=
#docker.projectNameFormat=default
#docker.login.sudo=true
#docker.layers=false
#docker.includes=.*.*
#docker.includeSingleScan=
#docker.excludes=
#docker.delete.force=false
#docker.containerIncludes=.*.*
#docker.containerExcludes=

##### docker artifactory #####
#docker.artifactory.userPassword=
#docker.artifactory.userName=
#docker.artifactory.url=
#docker.artifactory.repositoriesNames=
#docker.artifactory.pullUrl=
#docker.artifactory.enable=false
#docker.artifactory.dockerAccessMethod= 

##### docker aws #####
#docker.aws.registryIds=
#docker.aws.region=east
#docker.aws.enable=false

##### docker azure #####
#docker.azure.userPassword=
#docker.azure.userName=
#docker.azure.registryNames=
#docker.azure.registryAuthenticationParameters=
#docker.azure.enable=false
#docker.azure.authenticationType=UserAccount

##### docker google containers #####
#docker.gcr.repositories=
#docker.gcr.enable=false
#docker.gcr.account=

##### docker hub #####
#docker.hub.userPassword=
#docker.hub.userName=
#docker.hub.organizationsNames=
#docker.hub.enabled=false
#docker.hub.accessToken=

##### environment #####
#followSymbolicLinks=true
#case.sensitive.glob=false

##### go #####
go.resolveDependencies=false
go.modules.resolveDependencies=true
#go.modules.removeDuplicateDependencies=true
#go.modules.includeTestDependencies=false
#go.modules.ignoreSourceFiles=true
#go.ignoreSourceFiles=true
#go.gogradle.enableTaskAlias=false
#go.glide.ignoreTestPackages=true
#go.dependencyManager=
#go.collectDependenciesAtRuntime=false

##### gradle #####
gradle.aggregateModules=true
#gradle.wrapperPath=
#gradle.runPreStep=false
#gradle.runAssembleCommand=true
#gradle.resolveDependencies=true
#gradle.preferredEnvironment=gradle
#gradle.multiModule.applyProjectVersion=false
#gradle.localRepositoryPath=
#gradle.innerModulesAsDependencies=true
#gradle.includedScopes=
#gradle.includedConfigurations=
#gradle.includeModules=
#gradle.ignoredScopes=
#gradle.ignoredConfigurations=
#gradle.ignoreSourceFiles=true
#gradle.excludeModules=
#gradle.downloadMissingDependencies=true
#gradle.additionalArguments=

##### hex #####
#hex.runPreStep=false
#hex.resolveDependencies=true
#hex.ignoreSourceFiles=true
#hex.aggregateModules=false

##### html #####
#html.resolveDependencies=true

##### maven #####
maven.aggregateModules=true
#maven.runPreStep=false
#maven.resolveDependencies=true
#maven.projectNameFromDependencyFile=false
#maven.multiModule.applyProjectVersion=false
#maven.maxCacheFolderSize=
#maven.m2RepositoryPath=
#maven.ignoredScopes=provided,test
#maven.ignoreSourceFiles=true
#maven.ignorePomModules=true
#maven.ignoreMvnTreeErrors=false
#maven.environmentPath=
#maven.downloadMissingDependencies=true
#maven.additionalArguments=

##### npm #####
npm.identifyByNameAndVersion=true
#npm.yarnProject=false
#npm.yarn.frozenLockfile=false
#npm.runPreStep=false
#npm.resolveMainPackageJsonOnly=false
#npm.resolveLockFile=true
#npm.resolveGlobalPackages=false
#npm.resolveDependencies=true
#npm.resolveAdditionalDependencies=false
#npm.removeDuplicateDependencies=true
#npm.projectNameFromDependencyFile=false
#npm.includeDevDependencies=false
#npm.ignoreSourceFiles=true
#npm.ignoreScripts=false
#npm.ignoreNpmLsErrors=false
#npm.ignoreDirectoryPatterns=example,examples,.ws_bower,test
#npm.failOnNpmLsErrors=
#npm.accessToken=

##### nuget #####
#nuget.runPreStep=false
#nuget.resolvePackagesConfigFiles=true
#nuget.resolveNuspecFiles=true
#nuget.resolveDependencies=true
#nuget.resolveCsProjFiles=true
#nuget.resolveAssetsFiles=true
#nuget.preferredEnvironment=
#nuget.packagesDirectory=
#nuget.ignoreSourceFiles=true

##### ocaml #####
#ocaml.switchName=
#ocaml.runPreStep=false
#ocaml.resolveDependencies=true
#ocaml.ignoredScopes=with-test,with-doc
#ocaml.ignoreSourceFiles=true
#ocaml.aggregateModules=false

##### paket #####
#paket.runPreStep=false
#paket.resolveDependencies=true
#paket.ignoredGroups=
#paket.ignoreSourceFiles=true
#paket.exePath=

##### php #####
#php.runPreStep=false
#php.resolveDependencies=true
#php.removeDuplicateDependencies=false
#php.includeDevDependencies=false
#php.ignoreSourceFiles=true

##### python #####
#python.runPoetryPreStep=false
#python.runPipenvPreStep=false
#python.resolveSetupPyFiles=false
#python.resolvePipEditablePackages=false
#python.resolveHierarchyTree=true
#python.resolveGlobalPackages=false
#python.resolveDependencies=true
#python.requirementsFileIncludes=
#python.pipenvDevDependencies=false
#python.pipPath=pip
#python.path=python
#python.localPackagePathsToInstall=
#python.isEmptyEnvironment=false
#python.installVirtualenv=false
#python.indexUrl=
#python.includePoetryDevDependencies=false
#python.ignoreSourceFiles=true
#python.ignorePipInstallErrors=false
#python.IgnorePipenvInstallErrors=false

##### r_language #####
#r.runPreStep=false
#r.resolveDependencies=true
#r.packageManager=packrat
#r.ignoreSourceFiles=true
#r.cranMirrorUrl=

##### ruby #####
#ruby.runBundleInstall=false
#ruby.resolveDependencies=true
#ruby.overwriteGemFile=false
#ruby.installMissingGems=false
#ruby.ignoreSourceFiles=true

##### sbt #####
#sbt.runPreStep=false
#sbt.resolveDependencies=true
#sbt.includedScopes=compile,runtime
#sbt.ignoreSourceFiles=true
#sbt.aggregateModules=false

##### scm #####
#scm.user=
#scm.url=
#scm.tag=
#scm.repositoriesFile=
#scm.ppk=
#scm.pass=
#scm.branch=

##### serverless #####
#serverless.scanFunctions=false
#serverless.region=
#serverless.provider=aws-lambda
#serverless.maxFunctions=10
#serverless.includes=
#serverless.excludes=

[WARN] [2021-07-26 13:15:21,916 +0300[ - Ivy cache '/Users/vitalbatyr/.ivy2/cache' not found
[DEBUG] [2021-07-26 13:15:22,096 +0300[ - Available processors (cores): 	8
Free memory (Mb): 	229
Max memory (Mb): 	3641
Total memory (Mb): 	509
Used memory (Mb): 	279

[INFO] [2021-07-26 13:15:22,109 +0300[ - Starting analysis
[INFO] [2021-07-26 13:15:22,109 +0300[ - Scanning directories [/Users/vitalbatyr/Projects/empty] for package dependencies (may take a few minutes)
[INFO] [2021-07-26 13:15:22,109 +0300[ - Included file types: **/*.c,**/*.cc,**/*.cp,**/*.cpp,**/*.cxx,**/*.c\+\+,**/*.h,**/*.hh,**/*.hpp,**/*.hxx,**/*.h\+\+,**/*.m,**/*.mm,**/*.pch,**/*.c#,**/*.cs,**/*.csharp,**/*.go,**/*.goc,**/*.js,**/*.pl,**/*.plx,**/*.pm,**/*.ph,**/*.cgi,**/*.fcgi,**/*.pod,**/*.psgi,**/*.al,**/*.perl,**/*.t,**/*.pl6,**/*.p6m,**/*.p6l,**/*.pm6,**/*.nqp,**/*.6pl,**/*.6pm,**/*.p6,**/*.php,**/*.py,**/*.rb,**/*.swift,**/*.java,**/*.clj,**/*.cljx,**/*.cljs,**/*.cljc,**/*.jar,**/*.egg,**/*.dll,**/*.tar.gz,**/*.tgz,**/*.zip,**/*.whl,**/*.gem,**/*.apk,**/*.air,**/*.dmg,**/*.exe,**/*.gem,**/*.gzip,**/*.msi,**/*.nupkg,**/*.swc,**/*.swf,**/*.tar.bz2,**/*.pkg.tar.xz,**/*.(u)?deb,**/*.(a)?rpm
[INFO] [2021-07-26 13:15:22,109 +0300[ - Excluded file types: .ws/**,**/node_modules/**,**/src/test/**,**/testdata/**,**/vendor/**
[INFO] [2021-07-26 13:15:22,114 +0300[ - 
------------------------------------------------------------------------
-------------------- Start: Scan Files Matching Includes Pattern -------
------------------------------------------------------------------------
[DEBUG] [2021-07-26 13:15:22,115 +0300[ - Scanning /Users/vitalbatyr/Projects/empty
[DEBUG] [2021-07-26 13:15:22,124 +0300[ - File/Folder Excluded: node_modules
[DEBUG] [2021-07-26 13:15:22,127 +0300[ - File/Folder Excluded: .ws
[DEBUG] [2021-07-26 13:15:22,134 +0300[ - Dependency file found location: /Users/vitalbatyr/Projects/empty/package.json
[INFO] [2021-07-26 13:15:22,179 +0300[ - Attempting to resolve dependencies
[INFO] [2021-07-26 13:15:22,179 +0300[ - 
------------------------------------------------------------------------
-------------------- Start: Pre-Step And Resolve Dependencies ----------
------------------------------------------------------------------------
[DEBUG] [2021-07-26 13:15:22,202 +0300[ - File/Folder Excluded: node_modules
[DEBUG] [2021-07-26 13:15:22,204 +0300[ - File/Folder Excluded: .ws
[DEBUG] [2021-07-26 13:15:22,206 +0300[ - FilesFrom: JSDependencyResolver, Dependency file found location: /Users/vitalbatyr/Projects/empty/package.json
[DEBUG] [2021-07-26 13:15:22,244 +0300[ - top folders found:
[DEBUG] [2021-07-26 13:15:22,245 +0300[ - +- /Users/vitalbatyr/Projects/empty
[DEBUG] [2021-07-26 13:15:22,246 +0300[ - |  +- /Users/vitalbatyr/Projects/empty/package.json
[DEBUG] [2021-07-26 13:15:22,250 +0300[ - Finishing reduce dependencies
[INFO] [2021-07-26 13:15:22,251 +0300[ - Trying to resolve NPM dependencies
[INFO] [2021-07-26 13:15:22,251 +0300[ - topFolder = /Users/vitalbatyr/Projects/empty
[DEBUG] [2021-07-26 13:15:22,251 +0300[ - topFolder = /Users/vitalbatyr/Projects/empty
[INFO] [2021-07-26 13:15:22,252 +0300[ - Both package-lock.json and yarn.lock were found, performing NPM dependency resolution based
[DEBUG] [2021-07-26 13:15:22,639 +0300[ - shasum not found in file /Users/vitalbatyr/Projects/empty/package.json
[DEBUG] [2021-07-26 13:15:22,641 +0300[ - JSDependencyResolver - lockFileResolution - Start
[DEBUG] [2021-07-26 13:15:22,647 +0300[ - shasum not found in file /Users/vitalbatyr/Projects/empty/package.json
[DEBUG] [2021-07-26 13:15:22,647 +0300[ - Resolving file: /Users/vitalbatyr/Projects/empty/package.json
[DEBUG] [2021-07-26 13:15:22,647 +0300[ - NpmLockCollector - collectDependencies - Start, file:/Users/vitalbatyr/Projects/empty/package.json
[DEBUG] [2021-07-26 13:15:22,648 +0300[ - parsing the package-lock.json file, found at /Users/vitalbatyr/Projects/empty
[DEBUG] [2021-07-26 13:15:22,651 +0300[ - shasum not found in file /Users/vitalbatyr/Projects/empty/package.json
[DEBUG] [2021-07-26 13:15:22,787 +0300[ - shasum not found in file /Users/vitalbatyr/Projects/empty/package.json
[DEBUG] [2021-07-26 13:15:22,787 +0300[ - isLockfileVersion2: true
[DEBUG] [2021-07-26 13:15:22,854 +0300[ - isLockfileVersion2: true
[DEBUG] [2021-07-26 13:15:22,858 +0300[ - NpmLockCollector - collectDependencies - End
[DEBUG] [2021-07-26 13:15:22,872 +0300[ - shasum not found in file /Users/vitalbatyr/Projects/empty/node_modules/lodash/package.json
[DEBUG] [2021-07-26 13:15:22,882 +0300[ - shasum not found in file /Users/vitalbatyr/Projects/empty/node_modules/next/package.json
[DEBUG] [2021-07-26 13:15:22,891 +0300[ - shasum not found in file /Users/vitalbatyr/Projects/empty/node_modules/https-browserify/package.json
[DEBUG] [2021-07-26 13:15:22,900 +0300[ - shasum not found in file /Users/vitalbatyr/Projects/empty/node_modules/etag/package.json
[DEBUG] [2021-07-26 13:15:22,914 +0300[ - shasum not found in file /Users/vitalbatyr/Projects/empty/node_modules/node-html-parser/package.json
[DEBUG] [2021-07-26 13:15:22,921 +0300[ - shasum not found in file /Users/vitalbatyr/Projects/empty/node_modules/he/package.json
[DEBUG] [2021-07-26 13:15:22,927 +0300[ - shasum not found in file /Users/vitalbatyr/Projects/empty/node_modules/pnp-webpack-plugin/package.json
[DEBUG] [2021-07-26 13:15:22,938 +0300[ - shasum not found in file /Users/vitalbatyr/Projects/empty/node_modules/ts-pnp/package.json
[DEBUG] [2021-07-26 13:15:22,943 +0300[ - shasum not found in file /Users/vitalbatyr/Projects/empty/node_modules/caniuse-lite/package.json
[DEBUG] [2021-07-26 13:15:22,951 +0300[ - shasum not found in file /Users/vitalbatyr/Projects/empty/node_modules/use-subscription/package.json
[DEBUG] [2021-07-26 13:15:22,959 +0300[ - shasum not found in file /Users/vitalbatyr/Projects/empty/node_modules/util/package.json
[DEBUG] [2021-07-26 13:15:22,966 +0300[ - shasum not found in file /Users/vitalbatyr/Projects/empty/node_modules/is-typed-array/package.json
[DEBUG] [2021-07-26 13:15:22,972 +0300[ - shasum not found in file /Users/vitalbatyr/Projects/empty/node_modules/has-symbols/package.json
[DEBUG] [2021-07-26 13:15:22,982 +0300[ - shasum not found in file /Users/vitalbatyr/Projects/empty/node_modules/available-typed-arrays/package.json
[DEBUG] [2021-07-26 13:15:22,989 +0300[ - shasum not found in file /Users/vitalbatyr/Projects/empty/node_modules/es-abstract/package.json
[DEBUG] [2021-07-26 13:15:22,994 +0300[ - shasum not found in file /Users/vitalbatyr/Projects/empty/node_modules/unbox-primitive/package.json
[DEBUG] [2021-07-26 13:15:23,002 +0300[ - shasum not found in file /Users/vitalbatyr/Projects/empty/node_modules/has-bigints/package.json
[DEBUG] [2021-07-26 13:15:23,011 +0300[ - shasum not found in file /Users/vitalbatyr/Projects/empty/node_modules/which-boxed-primitive/package.json
[DEBUG] [2021-07-26 13:15:23,013 +0300[ - shasum not found in file /Users/vitalbatyr/Projects/empty/node_modules/is-bigint/package.json
[DEBUG] [2021-07-26 13:15:23,019 +0300[ - shasum not found in file /Users/vitalbatyr/Projects/empty/node_modules/is-boolean-object/package.json
[DEBUG] [2021-07-26 13:15:23,021 +0300[ - shasum not found in file /Users/vitalbatyr/Projects/empty/node_modules/is-number-object/package.json
[DEBUG] [2021-07-26 13:15:23,025 +0300[ - shasum not found in file /Users/vitalbatyr/Projects/empty/node_modules/is-callable/package.json
[DEBUG] [2021-07-26 13:15:23,032 +0300[ - shasum not found in file /Users/vitalbatyr/Projects/empty/node_modules/string.prototype.trimstart/package.json
[DEBUG] [2021-07-26 13:15:23,034 +0300[ - shasum not found in file /Users/vitalbatyr/Projects/empty/node_modules/has/package.json
[DEBUG] [2021-07-26 13:15:23,036 +0300[ - shasum not found in file /Users/vitalbatyr/Projects/empty/node_modules/object-inspect/package.json
[DEBUG] [2021-07-26 13:15:23,038 +0300[ - shasum not found in file /Users/vitalbatyr/Projects/empty/node_modules/object.assign/package.json
[DEBUG] [2021-07-26 13:15:23,040 +0300[ - shasum not found in file /Users/vitalbatyr/Projects/empty/node_modules/is-regex/package.json
[DEBUG] [2021-07-26 13:15:23,043 +0300[ - shasum not found in file /Users/vitalbatyr/Projects/empty/node_modules/is-negative-zero/package.json
[DEBUG] [2021-07-26 13:15:23,048 +0300[ - shasum not found in file /Users/vitalbatyr/Projects/empty/node_modules/is-string/package.json
[DEBUG] [2021-07-26 13:15:23,053 +0300[ - shasum not found in file /Users/vitalbatyr/Projects/empty/node_modules/es-to-primitive/package.json
[DEBUG] [2021-07-26 13:15:23,058 +0300[ - shasum not found in file /Users/vitalbatyr/Projects/empty/node_modules/is-symbol/package.json
[DEBUG] [2021-07-26 13:15:23,062 +0300[ - shasum not found in file /Users/vitalbatyr/Projects/empty/node_modules/is-date-object/package.json
[DEBUG] [2021-07-26 13:15:23,074 +0300[ - shasum not found in file /Users/vitalbatyr/Projects/empty/node_modules/string.prototype.trimend/package.json
[DEBUG] [2021-07-26 13:15:23,077 +0300[ - shasum not found in file /Users/vitalbatyr/Projects/empty/node_modules/foreach/package.json
[DEBUG] [2021-07-26 13:15:23,082 +0300[ - shasum not found in file /Users/vitalbatyr/Projects/empty/node_modules/which-typed-array/package.json
[DEBUG] [2021-07-26 13:15:23,085 +0300[ - shasum not found in file /Users/vitalbatyr/Projects/empty/node_modules/function-bind/package.json
[DEBUG] [2021-07-26 13:15:23,089 +0300[ - shasum not found in file /Users/vitalbatyr/Projects/empty/node_modules/is-arguments/package.json
[DEBUG] [2021-07-26 13:15:23,093 +0300[ - shasum not found in file /Users/vitalbatyr/Projects/empty/node_modules/is-generator-function/package.json
[DEBUG] [2021-07-26 13:15:23,095 +0300[ - shasum not found in file /Users/vitalbatyr/Projects/empty/node_modules/vm-browserify/package.json
[DEBUG] [2021-07-26 13:15:23,097 +0300[ - shasum not found in file /Users/vitalbatyr/Projects/empty/node_modules/stream-browserify/package.json
[DEBUG] [2021-07-26 13:15:23,099 +0300[ - shasum not found in file /Users/vitalbatyr/Projects/empty/node_modules/readable-stream/package.json
[DEBUG] [2021-07-26 13:15:23,101 +0300[ - shasum not found in file /Users/vitalbatyr/Projects/empty/node_modules/watchpack/package.json
[DEBUG] [2021-07-26 13:15:23,104 +0300[ - shasum not found in file /Users/vitalbatyr/Projects/empty/node_modules/graceful-fs/package.json
[DEBUG] [2021-07-26 13:15:23,113 +0300[ - shasum not found in file /Users/vitalbatyr/Projects/empty/node_modules/glob-to-regexp/package.json
[DEBUG] [2021-07-26 13:15:23,116 +0300[ - shasum not found in file /Users/vitalbatyr/Projects/empty/node_modules/react-is/package.json
[DEBUG] [2021-07-26 13:15:23,120 +0300[ - shasum not found in file /Users/vitalbatyr/Projects/empty/node_modules/@next/react-refresh-utils/package.json
[DEBUG] [2021-07-26 13:15:23,123 +0300[ - shasum not found in file /Users/vitalbatyr/Projects/empty/node_modules/ast-types/package.json
[DEBUG] [2021-07-26 13:15:23,127 +0300[ - shasum not found in file /Users/vitalbatyr/Projects/empty/node_modules/querystring-es3/package.json
[DEBUG] [2021-07-26 13:15:23,131 +0300[ - shasum not found in file /Users/vitalbatyr/Projects/empty/node_modules/image-size/package.json
[DEBUG] [2021-07-26 13:15:23,135 +0300[ - shasum not found in file /Users/vitalbatyr/Projects/empty/node_modules/queue/package.json
[DEBUG] [2021-07-26 13:15:23,143 +0300[ - shasum not found in file /Users/vitalbatyr/Projects/empty/node_modules/assert/package.json
[DEBUG] [2021-07-26 13:15:23,154 +0300[ - shasum not found in file /Users/vitalbatyr/Projects/empty/node_modules/is-nan/package.json
[DEBUG] [2021-07-26 13:15:23,162 +0300[ - shasum not found in file /Users/vitalbatyr/Projects/empty/node_modules/call-bind/package.json
[DEBUG] [2021-07-26 13:15:23,168 +0300[ - shasum not found in file /Users/vitalbatyr/Projects/empty/node_modules/get-intrinsic/package.json
[DEBUG] [2021-07-26 13:15:23,173 +0300[ - shasum not found in file /Users/vitalbatyr/Projects/empty/node_modules/define-properties/package.json
[DEBUG] [2021-07-26 13:15:23,175 +0300[ - shasum not found in file /Users/vitalbatyr/Projects/empty/node_modules/object-keys/package.json
[DEBUG] [2021-07-26 13:15:23,176 +0300[ - shasum not found in file /Users/vitalbatyr/Projects/empty/node_modules/object-is/package.json
[DEBUG] [2021-07-26 13:15:23,181 +0300[ - shasum not found in file /Users/vitalbatyr/Projects/empty/node_modules/es6-object-assign/package.json
[DEBUG] [2021-07-26 13:15:23,186 +0300[ - shasum not found in file /Users/vitalbatyr/Projects/empty/node_modules/assert/node_modules/util/package.json
[DEBUG] [2021-07-26 13:15:23,189 +0300[ - shasum not found in file /Users/vitalbatyr/Projects/empty/node_modules/encoding/package.json
[DEBUG] [2021-07-26 13:15:23,191 +0300[ - shasum not found in file /Users/vitalbatyr/Projects/empty/node_modules/encoding/node_modules/iconv-lite/package.json
[DEBUG] [2021-07-26 13:15:23,193 +0300[ - shasum not found in file /Users/vitalbatyr/Projects/empty/node_modules/safer-buffer/package.json
[DEBUG] [2021-07-26 13:15:23,194 +0300[ - shasum not found in file /Users/vitalbatyr/Projects/empty/node_modules/cssnano-simple/package.json
[DEBUG] [2021-07-26 13:15:23,201 +0300[ - shasum not found in file /Users/vitalbatyr/Projects/empty/node_modules/cssnano-preset-simple/package.json
[DEBUG] [2021-07-26 13:15:23,205 +0300[ - shasum not found in file /Users/vitalbatyr/Projects/empty/node_modules/string_decoder/package.json
[DEBUG] [2021-07-26 13:15:23,210 +0300[ - shasum not found in file /Users/vitalbatyr/Projects/empty/node_modules/safe-buffer/package.json
[DEBUG] [2021-07-26 13:15:23,212 +0300[ - shasum not found in file /Users/vitalbatyr/Projects/empty/node_modules/os-browserify/package.json
[DEBUG] [2021-07-26 13:15:23,215 +0300[ - shasum not found in file /Users/vitalbatyr/Projects/empty/node_modules/process/package.json
[DEBUG] [2021-07-26 13:15:23,218 +0300[ - shasum not found in file /Users/vitalbatyr/Projects/empty/node_modules/browserify-zlib/package.json
[DEBUG] [2021-07-26 13:15:23,220 +0300[ - shasum not found in file /Users/vitalbatyr/Projects/empty/node_modules/pako/package.json
[DEBUG] [2021-07-26 13:15:23,228 +0300[ - shasum not found in file /Users/vitalbatyr/Projects/empty/node_modules/@hapi/accept/package.json
[DEBUG] [2021-07-26 13:15:23,234 +0300[ - shasum not found in file /Users/vitalbatyr/Projects/empty/node_modules/@hapi/boom/package.json
[DEBUG] [2021-07-26 13:15:23,237 +0300[ - shasum not found in file /Users/vitalbatyr/Projects/empty/node_modules/@hapi/hoek/package.json
[DEBUG] [2021-07-26 13:15:23,239 +0300[ - shasum not found in file /Users/vitalbatyr/Projects/empty/node_modules/get-orientation/package.json
[DEBUG] [2021-07-26 13:15:23,242 +0300[ - shasum not found in file /Users/vitalbatyr/Projects/empty/node_modules/stream-parser/package.json
[DEBUG] [2021-07-26 13:15:23,249 +0300[ - shasum not found in file /Users/vitalbatyr/Projects/empty/node_modules/stream-parser/node_modules/debug/package.json
[DEBUG] [2021-07-26 13:15:23,252 +0300[ - shasum not found in file /Users/vitalbatyr/Projects/empty/node_modules/stream-parser/node_modules/ms/package.json
[DEBUG] [2021-07-26 13:15:23,254 +0300[ - shasum not found in file /Users/vitalbatyr/Projects/empty/node_modules/raw-body/package.json
[DEBUG] [2021-07-26 13:15:23,255 +0300[ - shasum not found in file /Users/vitalbatyr/Projects/empty/node_modules/bytes/package.json
[DEBUG] [2021-07-26 13:15:23,258 +0300[ - shasum not found in file /Users/vitalbatyr/Projects/empty/node_modules/http-errors/package.json
[DEBUG] [2021-07-26 13:15:23,261 +0300[ - shasum not found in file /Users/vitalbatyr/Projects/empty/node_modules/statuses/package.json
[DEBUG] [2021-07-26 13:15:23,263 +0300[ - shasum not found in file /Users/vitalbatyr/Projects/empty/node_modules/toidentifier/package.json
[DEBUG] [2021-07-26 13:15:23,265 +0300[ - shasum not found in file /Users/vitalbatyr/Projects/empty/node_modules/depd/package.json
[DEBUG] [2021-07-26 13:15:23,266 +0300[ - shasum not found in file /Users/vitalbatyr/Projects/empty/node_modules/setprototypeof/package.json
[DEBUG] [2021-07-26 13:15:23,272 +0300[ - shasum not found in file /Users/vitalbatyr/Projects/empty/node_modules/iconv-lite/package.json
[DEBUG] [2021-07-26 13:15:23,278 +0300[ - shasum not found in file /Users/vitalbatyr/Projects/empty/node_modules/unpipe/package.json
[DEBUG] [2021-07-26 13:15:23,284 +0300[ - shasum not found in file /Users/vitalbatyr/Projects/empty/node_modules/stream-http/package.json
[DEBUG] [2021-07-26 13:15:23,285 +0300[ - shasum not found in file /Users/vitalbatyr/Projects/empty/node_modules/builtin-status-codes/package.json
[DEBUG] [2021-07-26 13:15:23,287 +0300[ - shasum not found in file /Users/vitalbatyr/Projects/empty/node_modules/xtend/package.json
[DEBUG] [2021-07-26 13:15:23,291 +0300[ - shasum not found in file /Users/vitalbatyr/Projects/empty/node_modules/postcss/package.json
[DEBUG] [2021-07-26 13:15:23,295 +0300[ - shasum not found in file /Users/vitalbatyr/Projects/empty/node_modules/nanoid/package.json
[DEBUG] [2021-07-26 13:15:23,298 +0300[ - shasum not found in file /Users/vitalbatyr/Projects/empty/node_modules/postcss/node_modules/source-map/package.json
[DEBUG] [2021-07-26 13:15:23,305 +0300[ - shasum not found in file /Users/vitalbatyr/Projects/empty/node_modules/react-refresh/package.json
[DEBUG] [2021-07-26 13:15:23,311 +0300[ - shasum not found in file /Users/vitalbatyr/Projects/empty/node_modules/jest-worker/package.json
[DEBUG] [2021-07-26 13:15:23,313 +0300[ - shasum not found in file /Users/vitalbatyr/Projects/empty/node_modules/@types/node/package.json
[DEBUG] [2021-07-26 13:15:23,315 +0300[ - shasum not found in file /Users/vitalbatyr/Projects/empty/node_modules/merge-stream/package.json
[DEBUG] [2021-07-26 13:15:23,318 +0300[ - shasum not found in file /Users/vitalbatyr/Projects/empty/node_modules/jest-worker/node_modules/supports-color/package.json
[DEBUG] [2021-07-26 13:15:23,321 +0300[ - shasum not found in file /Users/vitalbatyr/Projects/empty/node_modules/has-flag/package.json
[DEBUG] [2021-07-26 13:15:23,322 +0300[ - shasum not found in file /Users/vitalbatyr/Projects/empty/node_modules/@next/env/package.json
[DEBUG] [2021-07-26 13:15:23,327 +0300[ - shasum not found in file /Users/vitalbatyr/Projects/empty/node_modules/buffer/package.json
[DEBUG] [2021-07-26 13:15:23,329 +0300[ - shasum not found in file /Users/vitalbatyr/Projects/empty/node_modules/ieee754/package.json
[DEBUG] [2021-07-26 13:15:23,331 +0300[ - shasum not found in file /Users/vitalbatyr/Projects/empty/node_modules/base64-js/package.json
[DEBUG] [2021-07-26 13:15:23,334 +0300[ - shasum not found in file /Users/vitalbatyr/Projects/empty/node_modules/@next/react-dev-overlay/package.json
[DEBUG] [2021-07-26 13:15:23,336 +0300[ - shasum not found in file /Users/vitalbatyr/Projects/empty/node_modules/anser/package.json
[DEBUG] [2021-07-26 13:15:23,339 +0300[ - shasum not found in file /Users/vitalbatyr/Projects/empty/node_modules/data-uri-to-buffer/package.json
[DEBUG] [2021-07-26 13:15:23,344 +0300[ - shasum not found in file /Users/vitalbatyr/Projects/empty/node_modules/shell-quote/package.json
[DEBUG] [2021-07-26 13:15:23,346 +0300[ - shasum not found in file /Users/vitalbatyr/Projects/empty/node_modules/strip-ansi/package.json
[DEBUG] [2021-07-26 13:15:23,348 +0300[ - shasum not found in file /Users/vitalbatyr/Projects/empty/node_modules/ansi-regex/package.json
[DEBUG] [2021-07-26 13:15:23,350 +0300[ - shasum not found in file /Users/vitalbatyr/Projects/empty/node_modules/@next/react-dev-overlay/node_modules/chalk/package.json
[DEBUG] [2021-07-26 13:15:23,351 +0300[ - shasum not found in file /Users/vitalbatyr/Projects/empty/node_modules/supports-color/package.json
[DEBUG] [2021-07-26 13:15:23,354 +0300[ - shasum not found in file /Users/vitalbatyr/Projects/empty/node_modules/ansi-styles/package.json
[DEBUG] [2021-07-26 13:15:23,356 +0300[ - shasum not found in file /Users/vitalbatyr/Projects/empty/node_modules/color-convert/package.json
[DEBUG] [2021-07-26 13:15:23,362 +0300[ - shasum not found in file /Users/vitalbatyr/Projects/empty/node_modules/color-name/package.json
[DEBUG] [2021-07-26 13:15:23,371 +0300[ - shasum not found in file /Users/vitalbatyr/Projects/empty/node_modules/@babel/code-frame/package.json
[DEBUG] [2021-07-26 13:15:23,375 +0300[ - shasum not found in file /Users/vitalbatyr/Projects/empty/node_modules/@babel/highlight/package.json
[DEBUG] [2021-07-26 13:15:23,377 +0300[ - shasum not found in file /Users/vitalbatyr/Projects/empty/node_modules/@babel/helper-validator-identifier/package.json
[DEBUG] [2021-07-26 13:15:23,382 +0300[ - shasum not found in file /Users/vitalbatyr/Projects/empty/node_modules/stacktrace-parser/package.json
[DEBUG] [2021-07-26 13:15:23,388 +0300[ - shasum not found in file /Users/vitalbatyr/Projects/empty/node_modules/stacktrace-parser/node_modules/type-fest/package.json
[DEBUG] [2021-07-26 13:15:23,392 +0300[ - shasum not found in file /Users/vitalbatyr/Projects/empty/node_modules/classnames/package.json
[DEBUG] [2021-07-26 13:15:23,394 +0300[ - shasum not found in file /Users/vitalbatyr/Projects/empty/node_modules/platform/package.json
[DEBUG] [2021-07-26 13:15:23,396 +0300[ - shasum not found in file /Users/vitalbatyr/Projects/empty/node_modules/css.escape/package.json
[DEBUG] [2021-07-26 13:15:23,398 +0300[ - shasum not found in file /Users/vitalbatyr/Projects/empty/node_modules/@next/react-dev-overlay/node_modules/source-map/package.json
[DEBUG] [2021-07-26 13:15:23,402 +0300[ - shasum not found in file /Users/vitalbatyr/Projects/empty/node_modules/whatwg-url/package.json
[DEBUG] [2021-07-26 13:15:23,404 +0300[ - shasum not found in file /Users/vitalbatyr/Projects/empty/node_modules/lodash.sortby/package.json
[DEBUG] [2021-07-26 13:15:23,406 +0300[ - shasum not found in file /Users/vitalbatyr/Projects/empty/node_modules/webidl-conversions/package.json
[DEBUG] [2021-07-26 13:15:23,410 +0300[ - shasum not found in file /Users/vitalbatyr/Projects/empty/node_modules/tr46/package.json
[DEBUG] [2021-07-26 13:15:23,412 +0300[ - shasum not found in file /Users/vitalbatyr/Projects/empty/node_modules/punycode/package.json
[DEBUG] [2021-07-26 13:15:23,414 +0300[ - shasum not found in file /Users/vitalbatyr/Projects/empty/node_modules/crypto-browserify/package.json
[DEBUG] [2021-07-26 13:15:23,416 +0300[ - shasum not found in file /Users/vitalbatyr/Projects/empty/node_modules/create-ecdh/package.json
[DEBUG] [2021-07-26 13:15:23,419 +0300[ - shasum not found in file /Users/vitalbatyr/Projects/empty/node_modules/bn.js/package.json
[DEBUG] [2021-07-26 13:15:23,421 +0300[ - shasum not found in file /Users/vitalbatyr/Projects/empty/node_modules/create-hash/package.json
[DEBUG] [2021-07-26 13:15:23,425 +0300[ - shasum not found in file /Users/vitalbatyr/Projects/empty/node_modules/md5.js/package.json
[DEBUG] [2021-07-26 13:15:23,427 +0300[ - shasum not found in file /Users/vitalbatyr/Projects/empty/node_modules/hash-base/package.json
[DEBUG] [2021-07-26 13:15:23,435 +0300[ - shasum not found in file /Users/vitalbatyr/Projects/empty/node_modules/cipher-base/package.json
[DEBUG] [2021-07-26 13:15:23,442 +0300[ - shasum not found in file /Users/vitalbatyr/Projects/empty/node_modules/sha.js/package.json
[DEBUG] [2021-07-26 13:15:23,444 +0300[ - shasum not found in file /Users/vitalbatyr/Projects/empty/node_modules/ripemd160/package.json
[DEBUG] [2021-07-26 13:15:23,445 +0300[ - shasum not found in file /Users/vitalbatyr/Projects/empty/node_modules/inherits/package.json
[DEBUG] [2021-07-26 13:15:23,447 +0300[ - shasum not found in file /Users/vitalbatyr/Projects/empty/node_modules/browserify-cipher/package.json
[DEBUG] [2021-07-26 13:15:23,449 +0300[ - shasum not found in file /Users/vitalbatyr/Projects/empty/node_modules/browserify-aes/package.json
[DEBUG] [2021-07-26 13:15:23,450 +0300[ - shasum not found in file /Users/vitalbatyr/Projects/empty/node_modules/buffer-xor/package.json
[DEBUG] [2021-07-26 13:15:23,455 +0300[ - shasum not found in file /Users/vitalbatyr/Projects/empty/node_modules/browserify-des/package.json
[DEBUG] [2021-07-26 13:15:23,457 +0300[ - shasum not found in file /Users/vitalbatyr/Projects/empty/node_modules/des.js/package.json
[DEBUG] [2021-07-26 13:15:23,461 +0300[ - shasum not found in file /Users/vitalbatyr/Projects/empty/node_modules/evp_bytestokey/package.json
[DEBUG] [2021-07-26 13:15:23,464 +0300[ - shasum not found in file /Users/vitalbatyr/Projects/empty/node_modules/diffie-hellman/package.json
[DEBUG] [2021-07-26 13:15:23,467 +0300[ - shasum not found in file /Users/vitalbatyr/Projects/empty/node_modules/miller-rabin/package.json
[DEBUG] [2021-07-26 13:15:23,469 +0300[ - shasum not found in file /Users/vitalbatyr/Projects/empty/node_modules/randombytes/package.json
[DEBUG] [2021-07-26 13:15:23,471 +0300[ - shasum not found in file /Users/vitalbatyr/Projects/empty/node_modules/randomfill/package.json
[DEBUG] [2021-07-26 13:15:23,472 +0300[ - shasum not found in file /Users/vitalbatyr/Projects/empty/node_modules/create-hmac/package.json
[DEBUG] [2021-07-26 13:15:23,475 +0300[ - shasum not found in file /Users/vitalbatyr/Projects/empty/node_modules/public-encrypt/package.json
[DEBUG] [2021-07-26 13:15:23,489 +0300[ - shasum not found in file /Users/vitalbatyr/Projects/empty/node_modules/browserify-sign/package.json
[DEBUG] [2021-07-26 13:15:23,497 +0300[ - shasum not found in file /Users/vitalbatyr/Projects/empty/node_modules/browserify-sign/node_modules/bn.js/package.json
[DEBUG] [2021-07-26 13:15:23,499 +0300[ - shasum not found in file /Users/vitalbatyr/Projects/empty/node_modules/elliptic/package.json
[DEBUG] [2021-07-26 13:15:23,500 +0300[ - shasum not found in file /Users/vitalbatyr/Projects/empty/node_modules/hmac-drbg/package.json
[DEBUG] [2021-07-26 13:15:23,503 +0300[ - shasum not found in file /Users/vitalbatyr/Projects/empty/node_modules/minimalistic-assert/package.json
[DEBUG] [2021-07-26 13:15:23,507 +0300[ - shasum not found in file /Users/vitalbatyr/Projects/empty/node_modules/hash.js/package.json
[DEBUG] [2021-07-26 13:15:23,509 +0300[ - shasum not found in file /Users/vitalbatyr/Projects/empty/node_modules/brorand/package.json
[DEBUG] [2021-07-26 13:15:23,511 +0300[ - shasum not found in file /Users/vitalbatyr/Projects/empty/node_modules/minimalistic-crypto-utils/package.json
[DEBUG] [2021-07-26 13:15:23,512 +0300[ - shasum not found in file /Users/vitalbatyr/Projects/empty/node_modules/browserify-rsa/package.json
[DEBUG] [2021-07-26 13:15:23,519 +0300[ - shasum not found in file /Users/vitalbatyr/Projects/empty/node_modules/browserify-rsa/node_modules/bn.js/package.json
[DEBUG] [2021-07-26 13:15:23,527 +0300[ - shasum not found in file /Users/vitalbatyr/Projects/empty/node_modules/parse-asn1/package.json
[DEBUG] [2021-07-26 13:15:23,536 +0300[ - shasum not found in file /Users/vitalbatyr/Projects/empty/node_modules/asn1.js/package.json
[DEBUG] [2021-07-26 13:15:23,540 +0300[ - shasum not found in file /Users/vitalbatyr/Projects/empty/node_modules/pbkdf2/package.json
[DEBUG] [2021-07-26 13:15:23,542 +0300[ - shasum not found in file /Users/vitalbatyr/Projects/empty/node_modules/prop-types/package.json
[DEBUG] [2021-07-26 13:15:23,543 +0300[ - shasum not found in file /Users/vitalbatyr/Projects/empty/node_modules/prop-types/node_modules/react-is/package.json
[DEBUG] [2021-07-26 13:15:23,546 +0300[ - shasum not found in file /Users/vitalbatyr/Projects/empty/node_modules/next/node_modules/@babel/runtime/package.json
[DEBUG] [2021-07-26 13:15:23,548 +0300[ - shasum not found in file /Users/vitalbatyr/Projects/empty/node_modules/regenerator-runtime/package.json
[DEBUG] [2021-07-26 13:15:23,550 +0300[ - shasum not found in file /Users/vitalbatyr/Projects/empty/node_modules/timers-browserify/package.json
[DEBUG] [2021-07-26 13:15:23,551 +0300[ - shasum not found in file /Users/vitalbatyr/Projects/empty/node_modules/setimmediate/package.json
[DEBUG] [2021-07-26 13:15:23,555 +0300[ - shasum not found in file /Users/vitalbatyr/Projects/empty/node_modules/chokidar/package.json
[DEBUG] [2021-07-26 13:15:23,559 +0300[ - shasum not found in file /Users/vitalbatyr/Projects/empty/node_modules/anymatch/package.json
[DEBUG] [2021-07-26 13:15:23,563 +0300[ - shasum not found in file /Users/vitalbatyr/Projects/empty/node_modules/picomatch/package.json
[DEBUG] [2021-07-26 13:15:23,567 +0300[ - shasum not found in file /Users/vitalbatyr/Projects/empty/node_modules/fsevents/package.json
[DEBUG] [2021-07-26 13:15:23,569 +0300[ - shasum not found in file /Users/vitalbatyr/Projects/empty/node_modules/glob-parent/package.json
[DEBUG] [2021-07-26 13:15:23,573 +0300[ - shasum not found in file /Users/vitalbatyr/Projects/empty/node_modules/readdirp/package.json
[DEBUG] [2021-07-26 13:15:23,575 +0300[ - shasum not found in file /Users/vitalbatyr/Projects/empty/node_modules/is-glob/package.json
[DEBUG] [2021-07-26 13:15:23,576 +0300[ - shasum not found in file /Users/vitalbatyr/Projects/empty/node_modules/is-extglob/package.json
[DEBUG] [2021-07-26 13:15:23,579 +0300[ - shasum not found in file /Users/vitalbatyr/Projects/empty/node_modules/normalize-path/package.json
[DEBUG] [2021-07-26 13:15:23,584 +0300[ - shasum not found in file /Users/vitalbatyr/Projects/empty/node_modules/braces/package.json
[DEBUG] [2021-07-26 13:15:23,586 +0300[ - shasum not found in file /Users/vitalbatyr/Projects/empty/node_modules/fill-range/package.json
[DEBUG] [2021-07-26 13:15:23,588 +0300[ - shasum not found in file /Users/vitalbatyr/Projects/empty/node_modules/to-regex-range/package.json
[DEBUG] [2021-07-26 13:15:23,593 +0300[ - shasum not found in file /Users/vitalbatyr/Projects/empty/node_modules/is-number/package.json
[DEBUG] [2021-07-26 13:15:23,595 +0300[ - shasum not found in file /Users/vitalbatyr/Projects/empty/node_modules/is-binary-path/package.json
[DEBUG] [2021-07-26 13:15:23,599 +0300[ - shasum not found in file /Users/vitalbatyr/Projects/empty/node_modules/binary-extensions/package.json
[DEBUG] [2021-07-26 13:15:23,602 +0300[ - shasum not found in file /Users/vitalbatyr/Projects/empty/node_modules/@next/polyfill-module/package.json
[DEBUG] [2021-07-26 13:15:23,603 +0300[ - shasum not found in file /Users/vitalbatyr/Projects/empty/node_modules/tty-browserify/package.json
[DEBUG] [2021-07-26 13:15:23,605 +0300[ - shasum not found in file /Users/vitalbatyr/Projects/empty/node_modules/styled-jsx/package.json
[DEBUG] [2021-07-26 13:15:23,607 +0300[ - shasum not found in file /Users/vitalbatyr/Projects/empty/node_modules/string-hash/package.json
[DEBUG] [2021-07-26 13:15:23,611 +0300[ - shasum not found in file /Users/vitalbatyr/Projects/empty/node_modules/loader-utils/package.json
[DEBUG] [2021-07-26 13:15:23,615 +0300[ - shasum not found in file /Users/vitalbatyr/Projects/empty/node_modules/big.js/package.json
[DEBUG] [2021-07-26 13:15:23,619 +0300[ - shasum not found in file /Users/vitalbatyr/Projects/empty/node_modules/json5/package.json
[DEBUG] [2021-07-26 13:15:23,625 +0300[ - shasum not found in file /Users/vitalbatyr/Projects/empty/node_modules/minimist/package.json
[DEBUG] [2021-07-26 13:15:23,627 +0300[ - shasum not found in file /Users/vitalbatyr/Projects/empty/node_modules/emojis-list/package.json
[DEBUG] [2021-07-26 13:15:23,628 +0300[ - shasum not found in file /Users/vitalbatyr/Projects/empty/node_modules/stylis-rule-sheet/package.json
[DEBUG] [2021-07-26 13:15:23,635 +0300[ - shasum not found in file /Users/vitalbatyr/Projects/empty/node_modules/@babel/types/package.json
[DEBUG] [2021-07-26 13:15:23,639 +0300[ - shasum not found in file /Users/vitalbatyr/Projects/empty/node_modules/@babel/types/node_modules/lodash/package.json
[DEBUG] [2021-07-26 13:15:23,641 +0300[ - shasum not found in file /Users/vitalbatyr/Projects/empty/node_modules/to-fast-properties/package.json
[DEBUG] [2021-07-26 13:15:23,645 +0300[ - shasum not found in file /Users/vitalbatyr/Projects/empty/node_modules/esutils/package.json
[DEBUG] [2021-07-26 13:15:23,646 +0300[ - shasum not found in file /Users/vitalbatyr/Projects/empty/node_modules/babel-plugin-syntax-jsx/package.json
[DEBUG] [2021-07-26 13:15:23,649 +0300[ - shasum not found in file /Users/vitalbatyr/Projects/empty/node_modules/convert-source-map/package.json
[DEBUG] [2021-07-26 13:15:23,652 +0300[ - shasum not found in file /Users/vitalbatyr/Projects/empty/node_modules/convert-source-map/node_modules/safe-buffer/package.json
[DEBUG] [2021-07-26 13:15:23,653 +0300[ - shasum not found in file /Users/vitalbatyr/Projects/empty/node_modules/stylis/package.json
[DEBUG] [2021-07-26 13:15:23,659 +0300[ - shasum not found in file /Users/vitalbatyr/Projects/empty/node_modules/source-map/package.json
[DEBUG] [2021-07-26 13:15:23,663 +0300[ - shasum not found in file /Users/vitalbatyr/Projects/empty/node_modules/constants-browserify/package.json
[DEBUG] [2021-07-26 13:15:23,672 +0300[ - shasum not found in file /Users/vitalbatyr/Projects/empty/node_modules/chalk/package.json
[DEBUG] [2021-07-26 13:15:23,675 +0300[ - shasum not found in file /Users/vitalbatyr/Projects/empty/node_modules/chalk/node_modules/ansi-styles/package.json
[DEBUG] [2021-07-26 13:15:23,681 +0300[ - shasum not found in file /Users/vitalbatyr/Projects/empty/node_modules/chalk/node_modules/color-convert/package.json
[DEBUG] [2021-07-26 13:15:23,683 +0300[ - shasum not found in file /Users/vitalbatyr/Projects/empty/node_modules/chalk/node_modules/color-name/package.json
[DEBUG] [2021-07-26 13:15:23,685 +0300[ - shasum not found in file /Users/vitalbatyr/Projects/empty/node_modules/escape-string-regexp/package.json
[DEBUG] [2021-07-26 13:15:23,687 +0300[ - shasum not found in file /Users/vitalbatyr/Projects/empty/node_modules/chalk/node_modules/supports-color/package.json
[DEBUG] [2021-07-26 13:15:23,688 +0300[ - shasum not found in file /Users/vitalbatyr/Projects/empty/node_modules/chalk/node_modules/has-flag/package.json
[DEBUG] [2021-07-26 13:15:23,693 +0300[ - shasum not found in file /Users/vitalbatyr/Projects/empty/node_modules/find-cache-dir/package.json
[DEBUG] [2021-07-26 13:15:23,695 +0300[ - shasum not found in file /Users/vitalbatyr/Projects/empty/node_modules/pkg-dir/package.json
[DEBUG] [2021-07-26 13:15:23,697 +0300[ - shasum not found in file /Users/vitalbatyr/Projects/empty/node_modules/pkg-dir/node_modules/find-up/package.json
[DEBUG] [2021-07-26 13:15:23,699 +0300[ - shasum not found in file /Users/vitalbatyr/Projects/empty/node_modules/pkg-dir/node_modules/path-exists/package.json
[DEBUG] [2021-07-26 13:15:23,701 +0300[ - shasum not found in file /Users/vitalbatyr/Projects/empty/node_modules/pkg-dir/node_modules/locate-path/package.json
[DEBUG] [2021-07-26 13:15:23,707 +0300[ - shasum not found in file /Users/vitalbatyr/Projects/empty/node_modules/pkg-dir/node_modules/p-locate/package.json
[DEBUG] [2021-07-26 13:15:23,710 +0300[ - shasum not found in file /Users/vitalbatyr/Projects/empty/node_modules/pkg-dir/node_modules/p-limit/package.json
[DEBUG] [2021-07-26 13:15:23,713 +0300[ - shasum not found in file /Users/vitalbatyr/Projects/empty/node_modules/pkg-dir/node_modules/p-try/package.json
[DEBUG] [2021-07-26 13:15:23,716 +0300[ - shasum not found in file /Users/vitalbatyr/Projects/empty/node_modules/commondir/package.json
[DEBUG] [2021-07-26 13:15:23,719 +0300[ - shasum not found in file /Users/vitalbatyr/Projects/empty/node_modules/make-dir/package.json
[DEBUG] [2021-07-26 13:15:23,725 +0300[ - shasum not found in file /Users/vitalbatyr/Projects/empty/node_modules/make-dir/node_modules/semver/package.json
[DEBUG] [2021-07-26 13:15:23,730 +0300[ - shasum not found in file /Users/vitalbatyr/Projects/empty/node_modules/node-libs-browser/package.json
[DEBUG] [2021-07-26 13:15:23,734 +0300[ - shasum not found in file /Users/vitalbatyr/Projects/empty/node_modules/node-libs-browser/node_modules/stream-http/package.json
[DEBUG] [2021-07-26 13:15:23,735 +0300[ - shasum not found in file /Users/vitalbatyr/Projects/empty/node_modules/node-libs-browser/node_modules/stream-http/node_modules/inherits/package.json
[DEBUG] [2021-07-26 13:15:23,737 +0300[ - shasum not found in file /Users/vitalbatyr/Projects/empty/node_modules/to-arraybuffer/package.json
[DEBUG] [2021-07-26 13:15:23,742 +0300[ - shasum not found in file /Users/vitalbatyr/Projects/empty/node_modules/node-libs-browser/node_modules/path-browserify/package.json
[DEBUG] [2021-07-26 13:15:23,744 +0300[ - shasum not found in file /Users/vitalbatyr/Projects/empty/node_modules/console-browserify/package.json
[DEBUG] [2021-07-26 13:15:23,745 +0300[ - shasum not found in file /Users/vitalbatyr/Projects/empty/node_modules/node-libs-browser/node_modules/tty-browserify/package.json
[DEBUG] [2021-07-26 13:15:23,747 +0300[ - shasum not found in file /Users/vitalbatyr/Projects/empty/node_modules/url/package.json
[DEBUG] [2021-07-26 13:15:23,750 +0300[ - shasum not found in file /Users/vitalbatyr/Projects/empty/node_modules/url/node_modules/punycode/package.json
[DEBUG] [2021-07-26 13:15:23,752 +0300[ - shasum not found in file /Users/vitalbatyr/Projects/empty/node_modules/url/node_modules/querystring/package.json
[DEBUG] [2021-07-26 13:15:23,755 +0300[ - shasum not found in file /Users/vitalbatyr/Projects/empty/node_modules/node-libs-browser/node_modules/buffer/package.json
[DEBUG] [2021-07-26 13:15:23,756 +0300[ - shasum not found in file /Users/vitalbatyr/Projects/empty/node_modules/isarray/package.json
[DEBUG] [2021-07-26 13:15:23,759 +0300[ - shasum not found in file /Users/vitalbatyr/Projects/empty/node_modules/node-libs-browser/node_modules/util/package.json
[DEBUG] [2021-07-26 13:15:23,760 +0300[ - shasum not found in file /Users/vitalbatyr/Projects/empty/node_modules/node-libs-browser/node_modules/inherits/package.json
[DEBUG] [2021-07-26 13:15:23,764 +0300[ - shasum not found in file /Users/vitalbatyr/Projects/empty/node_modules/node-libs-browser/node_modules/punycode/package.json
[DEBUG] [2021-07-26 13:15:23,767 +0300[ - shasum not found in file /Users/vitalbatyr/Projects/empty/node_modules/node-libs-browser/node_modules/readable-stream/package.json
[DEBUG] [2021-07-26 13:15:23,769 +0300[ - shasum not found in file /Users/vitalbatyr/Projects/empty/node_modules/node-libs-browser/node_modules/readable-stream/node_modules/inherits/package.json
[DEBUG] [2021-07-26 13:15:23,773 +0300[ - shasum not found in file /Users/vitalbatyr/Projects/empty/node_modules/util-deprecate/package.json
[DEBUG] [2021-07-26 13:15:23,778 +0300[ - shasum not found in file /Users/vitalbatyr/Projects/empty/node_modules/core-util-is/package.json
[DEBUG] [2021-07-26 13:15:23,785 +0300[ - shasum not found in file /Users/vitalbatyr/Projects/empty/node_modules/process-nextick-args/package.json
[DEBUG] [2021-07-26 13:15:23,795 +0300[ - shasum not found in file /Users/vitalbatyr/Projects/empty/node_modules/node-libs-browser/node_modules/readable-stream/node_modules/string_decoder/package.json
[DEBUG] [2021-07-26 13:15:23,803 +0300[ - shasum not found in file /Users/vitalbatyr/Projects/empty/node_modules/node-libs-browser/node_modules/safe-buffer/package.json
[DEBUG] [2021-07-26 13:15:23,805 +0300[ - shasum not found in file /Users/vitalbatyr/Projects/empty/node_modules/node-libs-browser/node_modules/domain-browser/package.json
[DEBUG] [2021-07-26 13:15:23,809 +0300[ - shasum not found in file /Users/vitalbatyr/Projects/empty/node_modules/node-libs-browser/node_modules/assert/package.json
[DEBUG] [2021-07-26 13:15:23,812 +0300[ - shasum not found in file /Users/vitalbatyr/Projects/empty/node_modules/node-libs-browser/node_modules/assert/node_modules/util/package.json
[DEBUG] [2021-07-26 13:15:23,821 +0300[ - shasum not found in file /Users/vitalbatyr/Projects/empty/node_modules/node-libs-browser/node_modules/assert/node_modules/inherits/package.json
[DEBUG] [2021-07-26 13:15:23,825 +0300[ - shasum not found in file /Users/vitalbatyr/Projects/empty/node_modules/node-libs-browser/node_modules/stream-browserify/package.json
[DEBUG] [2021-07-26 13:15:23,829 +0300[ - shasum not found in file /Users/vitalbatyr/Projects/empty/node_modules/node-libs-browser/node_modules/stream-browserify/node_modules/inherits/package.json
[DEBUG] [2021-07-26 13:15:23,836 +0300[ - shasum not found in file /Users/vitalbatyr/Projects/empty/node_modules/events/package.json
[DEBUG] [2021-07-26 13:15:23,839 +0300[ - shasum not found in file /Users/vitalbatyr/Projects/empty/node_modules/browserslist/package.json
[DEBUG] [2021-07-26 13:15:23,844 +0300[ - shasum not found in file /Users/vitalbatyr/Projects/empty/node_modules/escalade/package.json
[DEBUG] [2021-07-26 13:15:23,848 +0300[ - shasum not found in file /Users/vitalbatyr/Projects/empty/node_modules/node-releases/package.json
[DEBUG] [2021-07-26 13:15:23,851 +0300[ - shasum not found in file /Users/vitalbatyr/Projects/empty/node_modules/colorette/package.json
[DEBUG] [2021-07-26 13:15:23,853 +0300[ - shasum not found in file /Users/vitalbatyr/Projects/empty/node_modules/electron-to-chromium/package.json
[DEBUG] [2021-07-26 13:15:23,856 +0300[ - shasum not found in file /Users/vitalbatyr/Projects/empty/node_modules/domain-browser/package.json
[DEBUG] [2021-07-26 13:15:23,859 +0300[ - shasum not found in file /Users/vitalbatyr/Projects/empty/node_modules/native-url/package.json
[DEBUG] [2021-07-26 13:15:23,865 +0300[ - shasum not found in file /Users/vitalbatyr/Projects/empty/node_modules/querystring/package.json
[DEBUG] [2021-07-26 13:15:23,867 +0300[ - shasum not found in file /Users/vitalbatyr/Projects/empty/node_modules/path-browserify/package.json
[DEBUG] [2021-07-26 13:15:23,868 +0300[ - shasum not found in file /Users/vitalbatyr/Projects/empty/node_modules/p-limit/package.json
[DEBUG] [2021-07-26 13:15:23,870 +0300[ - shasum not found in file /Users/vitalbatyr/Projects/empty/node_modules/yocto-queue/package.json
[DEBUG] [2021-07-26 13:15:23,872 +0300[ - shasum not found in file /Users/vitalbatyr/Projects/empty/node_modules/node-fetch/package.json
[DEBUG] [2021-07-26 13:15:23,874 +0300[ - shasum not found in file /Users/vitalbatyr/Projects/empty/node_modules/react/package.json
[DEBUG] [2021-07-26 13:15:23,883 +0300[ - shasum not found in file /Users/vitalbatyr/Projects/empty/node_modules/loose-envify/package.json
[DEBUG] [2021-07-26 13:15:23,885 +0300[ - shasum not found in file /Users/vitalbatyr/Projects/empty/node_modules/js-tokens/package.json
[DEBUG] [2021-07-26 13:15:23,888 +0300[ - shasum not found in file /Users/vitalbatyr/Projects/empty/node_modules/object-assign/package.json
[DEBUG] [2021-07-26 13:15:23,889 +0300[ - shasum not found in file /Users/vitalbatyr/Projects/empty/node_modules/react-dom/package.json
[DEBUG] [2021-07-26 13:15:23,891 +0300[ - shasum not found in file /Users/vitalbatyr/Projects/empty/node_modules/scheduler/package.json
[DEBUG] [2021-07-26 13:15:23,893 +0300[ - shasum not found in file /Users/vitalbatyr/Projects/empty/node_modules/react-select/package.json
[DEBUG] [2021-07-26 13:15:23,898 +0300[ - shasum not found in file /Users/vitalbatyr/Projects/empty/node_modules/@emotion/css/package.json
[DEBUG] [2021-07-26 13:15:23,899 +0300[ - shasum not found in file /Users/vitalbatyr/Projects/empty/node_modules/babel-plugin-emotion/package.json
[DEBUG] [2021-07-26 13:15:23,901 +0300[ - shasum not found in file /Users/vitalbatyr/Projects/empty/node_modules/find-root/package.json
[DEBUG] [2021-07-26 13:15:23,902 +0300[ - shasum not found in file /Users/vitalbatyr/Projects/empty/node_modules/@babel/helper-module-imports/package.json
[DEBUG] [2021-07-26 13:15:23,905 +0300[ - shasum not found in file /Users/vitalbatyr/Projects/empty/node_modules/@babel/helper-module-imports/node_modules/@babel/types/package.json
[DEBUG] [2021-07-26 13:15:23,906 +0300[ - shasum not found in file /Users/vitalbatyr/Projects/empty/node_modules/babel-plugin-macros/package.json
[DEBUG] [2021-07-26 13:15:23,907 +0300[ - shasum not found in file /Users/vitalbatyr/Projects/empty/node_modules/resolve/package.json
[DEBUG] [2021-07-26 13:15:23,908 +0300[ - shasum not found in file /Users/vitalbatyr/Projects/empty/node_modules/is-core-module/package.json
[DEBUG] [2021-07-26 13:15:23,910 +0300[ - shasum not found in file /Users/vitalbatyr/Projects/empty/node_modules/path-parse/package.json
[DEBUG] [2021-07-26 13:15:23,917 +0300[ - shasum not found in file /Users/vitalbatyr/Projects/empty/node_modules/cosmiconfig/package.json
[DEBUG] [2021-07-26 13:15:23,919 +0300[ - shasum not found in file /Users/vitalbatyr/Projects/empty/node_modules/cosmiconfig/node_modules/path-type/package.json
[DEBUG] [2021-07-26 13:15:23,923 +0300[ - shasum not found in file /Users/vitalbatyr/Projects/empty/node_modules/cosmiconfig/node_modules/parse-json/package.json
[DEBUG] [2021-07-26 13:15:23,927 +0300[ - shasum not found in file /Users/vitalbatyr/Projects/empty/node_modules/json-parse-even-better-errors/package.json
[DEBUG] [2021-07-26 13:15:23,929 +0300[ - shasum not found in file /Users/vitalbatyr/Projects/empty/node_modules/error-ex/package.json
[DEBUG] [2021-07-26 13:15:23,931 +0300[ - shasum not found in file /Users/vitalbatyr/Projects/empty/node_modules/is-arrayish/package.json
[DEBUG] [2021-07-26 13:15:23,932 +0300[ - shasum not found in file /Users/vitalbatyr/Projects/empty/node_modules/lines-and-columns/package.json
[DEBUG] [2021-07-26 13:15:23,934 +0300[ - shasum not found in file /Users/vitalbatyr/Projects/empty/node_modules/yaml/package.json
[DEBUG] [2021-07-26 13:15:23,936 +0300[ - shasum not found in file /Users/vitalbatyr/Projects/empty/node_modules/@types/parse-json/package.json
[DEBUG] [2021-07-26 13:15:23,938 +0300[ - shasum not found in file /Users/vitalbatyr/Projects/empty/node_modules/import-fresh/package.json
[DEBUG] [2021-07-26 13:15:23,942 +0300[ - shasum not found in file /Users/vitalbatyr/Projects/empty/node_modules/parent-module/package.json
[DEBUG] [2021-07-26 13:15:23,945 +0300[ - shasum not found in file /Users/vitalbatyr/Projects/empty/node_modules/callsites/package.json
[DEBUG] [2021-07-26 13:15:23,946 +0300[ - shasum not found in file /Users/vitalbatyr/Projects/empty/node_modules/resolve-from/package.json
[DEBUG] [2021-07-26 13:15:23,948 +0300[ - shasum not found in file /Users/vitalbatyr/Projects/empty/node_modules/babel-plugin-emotion/node_modules/source-map/package.json
[DEBUG] [2021-07-26 13:15:23,950 +0300[ - shasum not found in file /Users/vitalbatyr/Projects/empty/node_modules/memoize-one/package.json
[DEBUG] [2021-07-26 13:15:23,955 +0300[ - shasum not found in file /Users/vitalbatyr/Projects/empty/node_modules/@babel/runtime/package.json
[DEBUG] [2021-07-26 13:15:23,958 +0300[ - shasum not found in file /Users/vitalbatyr/Projects/empty/node_modules/react-input-autosize/package.json
[DEBUG] [2021-07-26 13:15:23,960 +0300[ - shasum not found in file /Users/vitalbatyr/Projects/empty/node_modules/react-transition-group/package.json
[DEBUG] [2021-07-26 13:15:23,961 +0300[ - shasum not found in file /Users/vitalbatyr/Projects/empty/node_modules/dom-helpers/package.json
[DEBUG] [2021-07-26 13:15:23,962 +0300[ - shasum not found in file /Users/vitalbatyr/Projects/empty/node_modules/dom-helpers/node_modules/csstype/package.json
[DEBUG] [2021-07-26 13:15:23,966 +0300[ - shasum not found in file /Users/vitalbatyr/Projects/empty/node_modules/@emotion/cache/package.json
[DEBUG] [2021-07-26 13:15:23,967 +0300[ - shasum not found in file /Users/vitalbatyr/Projects/empty/node_modules/@emotion/weak-memoize/package.json
[DEBUG] [2021-07-26 13:15:23,969 +0300[ - shasum not found in file /Users/vitalbatyr/Projects/empty/node_modules/@emotion/utils/package.json
[DEBUG] [2021-07-26 13:15:23,970 +0300[ - shasum not found in file /Users/vitalbatyr/Projects/empty/node_modules/@emotion/sheet/package.json
[DEBUG] [2021-07-26 13:15:23,972 +0300[ - shasum not found in file /Users/vitalbatyr/Projects/empty/node_modules/@emotion/stylis/package.json
[DEBUG] [2021-07-26 13:15:23,973 +0300[ - shasum not found in file /Users/vitalbatyr/Projects/empty/node_modules/@emotion/core/package.json
[DEBUG] [2021-07-26 13:15:23,974 +0300[ - shasum not found in file /Users/vitalbatyr/Projects/empty/node_modules/@emotion/serialize/package.json
[DEBUG] [2021-07-26 13:15:23,978 +0300[ - shasum not found in file /Users/vitalbatyr/Projects/empty/node_modules/csstype/package.json
[DEBUG] [2021-07-26 13:15:23,981 +0300[ - shasum not found in file /Users/vitalbatyr/Projects/empty/node_modules/@emotion/unitless/package.json
[DEBUG] [2021-07-26 13:15:23,988 +0300[ - shasum not found in file /Users/vitalbatyr/Projects/empty/node_modules/@emotion/hash/package.json
[DEBUG] [2021-07-26 13:15:24,000 +0300[ - shasum not found in file /Users/vitalbatyr/Projects/empty/node_modules/@emotion/memoize/package.json
[DEBUG] [2021-07-26 13:15:24,007 +0300[ - shasum not found in file /Users/vitalbatyr/Projects/empty/node_modules/sass/package.json
[DEBUG] [2021-07-26 13:15:24,010 +0300[ - JSDependencyResolver - lockFileResolution - End
[INFO] [2021-07-26 13:15:24,041 +0300[ - 
------------------------------------------------------------------------
-------------------- End: Pre-Step And Resolve Dependencies ------------
------------------------------------------------------------------------
[DEBUG] [2021-07-26 13:15:24,047 +0300[ - total resolved projects =1
[INFO] [2021-07-26 13:15:24,049 +0300[ - Skipping scanning directories for matching source/binary files - controlled by flags: ignoreSourceFiles and fileSystemScan
[INFO] [2021-07-26 13:15:24,049 +0300[ - 
------------------------------------------------------------------------
-------------------- End: Scan Files Matching Includes Pattern ---------
------------------------------------------------------------------------
[INFO] [2021-07-26 13:15:24,050 +0300[ - Finished analyzing Files
[DEBUG] [2021-07-26 13:15:24,050 +0300[ - Available processors (cores): 	8
Free memory (Mb): 	577
Max memory (Mb): 	3641
Total memory (Mb): 	751
Used memory (Mb): 	174

[INFO] [2021-07-26 13:15:24,105 +0300[ - Initializing WhiteSource Client
[DEBUG] [2021-07-26 13:15:24,106 +0300[ - Setting project tags
[INFO] [2021-07-26 13:15:24,112 +0300[ - Service URL is https://saas.whitesourcesoftware.com/agent
[INFO] [2021-07-26 13:15:24,172 +0300[ - Generating offline update request
[INFO] [2021-07-26 13:15:24,177 +0300[ - UpdateType offline set to OVERRIDE 
[INFO] [2021-07-26 13:15:24,270 +0300[ - Offline request generated successfully at /Users/vitalbatyr/Projects/empty/.ws/temp/whitesource/update-request.txt
[DEBUG] [2021-07-26 13:15:24,426 +0300[ - Process finished with exit code SUCCESS (Offline request generated successfully at /Users/vitalbatyr/Projects/empty/.ws/temp/whitesource/update-request.txt)
[INFO] [2021-07-26 13:15:24,431 +0300[ - Log files are found at: /Users/vitalbatyr/Projects/empty/.ws/temp/ua_logs/Mon-Jul-26-2021-13.15.20
[INFO] [2021-07-26 13:15:24,441 +0300[ - 
------------------------------------------------------------------------------------------------------------------------------------------------------
------------------------------------------------------------- WhiteSource Scan Summary: --------------------------------------------------------------
------------------------------------------------------------------------------------------------------------------------------------------------------
======================================================================================================================================================
Scan Origin: Local File System
======================================================================================================================================================
Step                                              Completion Status               Elapsed                  Comments
======================================================================================================================================================
Fetch Configuration                                  COMPLETED                  00:00:00.223               --------
Pre-Step And Resolve Dependencies                    COMPLETED                  00:00:01.862               310 total dependencies (305 unique)
   NPM                                               COMPLETED                  00:00:01.790               310 total dependencies (305 unique)
Scan Files Matching Includes Pattern                 COMPLETED                  00:00:00.061               0 source/binary files

======================================================================================================================================================
Elapsed running time:                                                           00:00:02.146
======================================================================================================================================================
Process finished with exit code SUCCESS (0)

